{"D:\\workplace\\study\\ailemente\\src\\util.ts": {"path":"D:\\workplace\\study\\ailemente\\src\\util.ts","statementMap":{"0":{"start":{"line":1,"column":0},"end":{"line":1,"column":73}},"1":{"start":{"line":4,"column":53},"end":{"line":4,"column":73}},"2":{"start":{"line":5,"column":2},"end":{"line":8,"column":null}},"3":{"start":{"line":6,"column":4},"end":{"line":6,"column":48}},"4":{"start":{"line":7,"column":4},"end":{"line":7,"column":11}},"5":{"start":{"line":10,"column":2},"end":{"line":10,"column":70}},"6":{"start":{"line":3,"column":0},"end":{"line":3,"column":16}}},"fnMap":{"0":{"name":"useGlobalConfig","decl":{"start":{"line":3,"column":16},"end":{"line":3,"column":31}},"loc":{"start":{"line":3,"column":31},"end":{"line":11,"column":1}}}},"branchMap":{"0":{"loc":{"start":{"line":5,"column":2},"end":{"line":8,"column":null}},"type":"if","locations":[{"start":{"line":5,"column":2},"end":{"line":8,"column":null}}]},"1":{"loc":{"start":{"line":10,"column":9},"end":{"line":10,"column":69}},"type":"binary-expr","locations":[{"start":{"line":10,"column":9},"end":{"line":10,"column":63}},{"start":{"line":10,"column":67},"end":{"line":10,"column":69}}]}},"s":{"0":1,"1":2,"2":2,"3":0,"4":0,"5":2,"6":1},"f":{"0":2},"b":{"0":[0],"1":[2,2]}}
,"D:\\workplace\\study\\ailemente\\src\\components\\button\\Button.vue": {"path":"D:\\workplace\\study\\ailemente\\src\\components\\button\\Button.vue","statementMap":{"0":{"start":{"line":3,"column":15},"end":{"line":12,"column":1}},"1":{"start":{"line":4,"column":2},"end":{"line":10,"column":4}},"2":{"start":{"line":5,"column":4},"end":{"line":8,"column":5}},"3":{"start":{"line":5,"column":20},"end":{"line":5,"column":21}},"4":{"start":{"line":5,"column":27},"end":{"line":5,"column":43}},"5":{"start":{"line":6,"column":6},"end":{"line":6,"column":23}},"6":{"start":{"line":7,"column":6},"end":{"line":7,"column":83}},"7":{"start":{"line":7,"column":23},"end":{"line":7,"column":83}},"8":{"start":{"line":7,"column":71},"end":{"line":7,"column":83}},"9":{"start":{"line":9,"column":4},"end":{"line":9,"column":13}},"10":{"start":{"line":11,"column":2},"end":{"line":11,"column":41}},"11":{"start":{"line":13,"column":0},"end":{"line":15,"column":3}},"12":{"start":{"line":16,"column":12},"end":{"line":16,"column":26}},"13":{"start":{"line":17,"column":12},"end":{"line":17,"column":26}},"14":{"start":{"line":18,"column":13},"end":{"line":18,"column":34}},"15":{"start":{"line":19,"column":18},"end":{"line":21,"column":1}},"16":{"start":{"line":22,"column":0},"end":{"line":56,"column":4}},"17":{"start":{"line":36,"column":19},"end":{"line":36,"column":28}},"18":{"start":{"line":37,"column":4},"end":{"line":37,"column":15}},"19":{"start":{"line":38,"column":16},"end":{"line":38,"column":23}},"20":{"start":{"line":39,"column":23},"end":{"line":39,"column":52}},"21":{"start":{"line":40,"column":21},"end":{"line":44,"column":6}},"22":{"start":{"line":41,"column":6},"end":{"line":41,"column":44}},"23":{"start":{"line":43,"column":6},"end":{"line":43,"column":45}},"24":{"start":{"line":45,"column":23},"end":{"line":49,"column":5}},"25":{"start":{"line":50,"column":4},"end":{"line":53,"column":7}},"26":{"start":{"line":54,"column":4},"end":{"line":54,"column":24}},"27":{"start":{"line":58,"column":0},"end":{"line":58,"column":62}},"28":{"start":{"line":59,"column":0},"end":{"line":59,"column":24}},"29":{"start":{"line":60,"column":12},"end":{"line":60,"column":26}},"30":{"start":{"line":62,"column":4},"end":{"line":69,"column":23}},"31":{"start":{"line":71,"column":0},"end":{"line":71,"column":24}},"32":{"start":{"line":72,"column":1},"end":{"line":72,"column":48}}},"fnMap":{"0":{"name":"(anonymous_0)","decl":{"start":{"line":3,"column":40},"end":{"line":3,"column":41}},"loc":{"start":{"line":3,"column":52},"end":{"line":12,"column":1}},"line":3},"1":{"name":"(anonymous_1)","decl":{"start":{"line":4,"column":30},"end":{"line":4,"column":31}},"loc":{"start":{"line":4,"column":43},"end":{"line":10,"column":3}},"line":4},"2":{"name":"(anonymous_2)","decl":{"start":{"line":35,"column":9},"end":{"line":35,"column":10}},"loc":{"start":{"line":35,"column":32},"end":{"line":55,"column":3}},"line":35},"3":{"name":"(anonymous_3)","decl":{"start":{"line":40,"column":41},"end":{"line":40,"column":42}},"loc":{"start":{"line":40,"column":53},"end":{"line":44,"column":5}},"line":40},"4":{"name":"render","decl":{"start":{"line":61,"column":9},"end":{"line":61,"column":15}},"loc":{"start":{"line":61,"column":63},"end":{"line":70,"column":1}},"line":61}},"branchMap":{"0":{"loc":{"start":{"line":3,"column":15},"end":{"line":12,"column":1}},"type":"binary-expr","locations":[{"start":{"line":3,"column":15},"end":{"line":3,"column":19}},{"start":{"line":3,"column":23},"end":{"line":3,"column":36}},{"start":{"line":3,"column":40},"end":{"line":12,"column":1}}],"line":3},"1":{"loc":{"start":{"line":4,"column":13},"end":{"line":10,"column":3}},"type":"binary-expr","locations":[{"start":{"line":4,"column":13},"end":{"line":4,"column":26}},{"start":{"line":4,"column":30},"end":{"line":10,"column":3}}],"line":4},"2":{"loc":{"start":{"line":7,"column":23},"end":{"line":7,"column":83}},"type":"if","locations":[{"start":{"line":7,"column":23},"end":{"line":7,"column":83}},{"start":{},"end":{}}],"line":7},"3":{"loc":{"start":{"line":43,"column":13},"end":{"line":43,"column":44}},"type":"binary-expr","locations":[{"start":{"line":43,"column":13},"end":{"line":43,"column":23}},{"start":{"line":43,"column":27},"end":{"line":43,"column":44}}],"line":43},"4":{"loc":{"start":{"line":64,"column":16},"end":{"line":64,"column":80}},"type":"cond-expr","locations":[{"start":{"line":64,"column":36},"end":{"line":64,"column":75}},{"start":{"line":64,"column":78},"end":{"line":64,"column":80}}],"line":64},"5":{"loc":{"start":{"line":65,"column":16},"end":{"line":65,"column":68}},"type":"cond-expr","locations":[{"start":{"line":65,"column":30},"end":{"line":65,"column":63}},{"start":{"line":65,"column":66},"end":{"line":65,"column":68}}],"line":65}},"s":{"0":1,"1":2,"2":0,"3":0,"4":0,"5":0,"6":0,"7":0,"8":0,"9":0,"10":2,"11":1,"12":1,"13":1,"14":1,"15":1,"16":1,"17":2,"18":2,"19":2,"20":2,"21":2,"22":2,"23":2,"24":2,"25":2,"26":2,"27":1,"28":1,"29":1,"30":2,"31":1,"32":1},"f":{"0":2,"1":0,"2":2,"3":2,"4":2},"b":{"0":[1,1,1],"1":[2,0],"2":[0,0],"3":[2,1],"4":[1,1],"5":[0,2]},"inputSourceMap":{"0":"{","1":"\"","2":"v","3":"e","4":"r","5":"s","6":"i","7":"o","8":"n","9":"\"","10":":","11":"3","12":",","13":"\"","14":"s","15":"o","16":"u","17":"r","18":"c","19":"e","20":"s","21":"\"","22":":","23":"[","24":"\"","25":"D","26":":","27":"/","28":"w","29":"o","30":"r","31":"k","32":"p","33":"l","34":"a","35":"c","36":"e","37":"/","38":"s","39":"t","40":"u","41":"d","42":"y","43":"/","44":"a","45":"i","46":"l","47":"e","48":"m","49":"e","50":"n","51":"t","52":"e","53":"/","54":"s","55":"r","56":"c","57":"/","58":"c","59":"o","60":"m","61":"p","62":"o","63":"n","64":"e","65":"n","66":"t","67":"s","68":"/","69":"b","70":"u","71":"t","72":"t","73":"o","74":"n","75":"/","76":"B","77":"u","78":"t","79":"t","80":"o","81":"n","82":".","83":"v","84":"u","85":"e","86":"\"","87":"]","88":",","89":"\"","90":"n","91":"a","92":"m","93":"e","94":"s","95":"\"","96":":","97":"[","98":"]","99":",","100":"\"","101":"m","102":"a","103":"p","104":"p","105":"i","106":"n","107":"g","108":"s","109":"\"","110":":","111":"\"","112":";","113":";","114":"A","115":"A","116":"a","117":"A","118":",","119":"I","120":"A","121":"A","122":"I","123":",","124":"Q","125":"A","126":"A","127":"Q","128":",","129":"G","130":"A","131":"A","132":"I","133":",","134":"I","135":"A","136":"A","137":"I","138":",","139":"I","140":"A","141":"A","142":"I","143":",","144":"I","145":"A","146":"A","147":"I","148":",","149":"C","150":"A","151":"A","152":"C","153":",","154":"Q","155":"A","156":"A","157":"Q","158":",","159":"I","160":"A","161":"A","162":"K","163":",","164":"Y","165":"A","166":"A","167":"Y","168":";","169":"E","170":"A","171":"C","172":"l","173":"D","174":",","175":"Q","176":"A","177":"A","178":"Q","179":",","180":"G","181":"A","182":"A","183":"G","184":",","185":"M","186":"A","187":"A","188":"M","189":",","190":"C","191":"A","192":"A","193":"C","194":",","195":"M","196":"A","197":"A","198":"M","199":",","200":"I","201":"A","202":"A","203":"I","204":",","205":"U","206":"A","207":"A","208":"S","209":",","210":"C","211":"A","212":"A","213":"C","214":",","215":"E","216":"A","217":"A","218":"E","219":";","220":"I","221":"A","222":"C","223":"p","224":"C","225":",","226":"K","227":"A","228":"A","229":"K","230":",","231":"I","232":"A","233":"A","234":"I","235":",","236":"C","237":"A","238":"A","239":"C","240":",","241":"E","242":"A","243":"A","244":"E","245":",","246":"C","247":"A","248":"A","249":"C","250":",","251":"G","252":"A","253":"A","254":"G","255":",","256":"C","257":"A","258":"A","259":"C","260":",","261":"E","262":"A","263":"A","264":"E","265":",","266":"C","267":"A","268":"A","269":"C","270":",","271":"G","272":"A","273":"A","274":"G","275":",","276":"S","277":"A","278":"A","279":"S","280":",","281":"C","282":"A","283":"A","284":"C","285":",","286":"M","287":"A","288":"A","289":"M","290":",","291":"E","292":"A","293":"A","294":"E","295":",","296":"C","297":"A","298":"A","299":"C","300":",","301":"G","302":"A","303":"A","304":"G","305":",","306":"C","307":"A","308":"A","309":"C","310":",","311":"E","312":"A","313":"A","314":"E","315":",","316":"C","317":"A","318":"A","319":"C","320":",","321":"E","322":"A","323":"A","324":"E","325":",","326":"E","327":"A","328":"A","329":"E","330":";","331":"M","332":"A","333":"g","334":"B","335":"j","336":"D","337":",","338":"C","339":"A","340":"A","341":"C","342":",","343":"G","344":"A","345":"A","346":"G","347":",","348":"S","349":"A","350":"A","351":"S","352":",","353":"C","354":"A","355":"A","356":"C","357":",","358":"C","359":"A","360":"A","361":"C","362":",","363":"C","364":"A","365":"A","366":"C","367":";","368":"M","369":"A","370":"C","371":"h","372":"B","373":",","374":"K","375":"A","376":"A","377":"K","378":",","379":"I","380":"A","381":"A","382":"I","383":",","384":"C","385":"A","386":"A","387":"C","388":",","389":"I","390":"A","391":"A","392":"I","393":",","394":"C","395":"A","396":"A","397":"C","398":",","399":"E","400":"A","401":"A","402":"E","403":",","404":"I","405":"A","406":"A","407":"I","408":",","409":"M","410":"A","411":"A","412":"M","413":",","414":"C","415":"A","416":"A","417":"C","418":",","419":"S","420":"A","421":"A","422":"S","423":",","424":"C","425":"A","426":"A","427":"C","428":",","429":"c","430":"A","431":"A","432":"c","433":",","434":"C","435":"A","436":"A","437":"C","438":",","439":"I","440":"A","441":"A","442":"I","443":",","444":"C","445":"A","446":"A","447":"C","448":",","449":"C","450":"A","451":"A","452":"C","453":",","454":"E","455":"A","456":"A","457":"E","458":",","459":"C","460":"A","461":"A","462":"C","463":",","464":"C","465":"A","466":"A","467":"C","468":",","469":"E","470":"A","471":"C","472":"3","473":"D","474":",","475":"C","476":"A","477":"A","478":"C","479":",","480":"C","481":"A","482":"A","483":"C","484":",","485":"C","486":"A","487":"A","488":"C","489":",","490":"C","491":"A","492":"A","493":"C","494":",","495":"G","496":"A","497":"A","498":"G","499":",","500":"C","501":"A","502":"A","503":"C","504":",","505":"C","506":"A","507":"A","508":"C","509":",","510":"C","511":"A","512":"A","513":"C","514":",","515":"C","516":"A","517":"A","518":"C","519":";","520":"I","521":"A","522":"C","523":"n","524":"B","525":";","526":";","527":"E","528":"A","529":"l","530":"B","531":"J","532":",","533":"C","534":"A","535":"A","536":"C","537":";","538":"E","539":"A","540":"C","541":"D","542":",","543":"O","544":"A","545":"A","546":"O","547":",","548":"Q","549":"A","550":"A","551":"Q","552":",","553":"C","554":"A","555":"A","556":"C","557":",","558":"K","559":"A","560":"A","561":"K","562":",","563":"C","564":"A","565":"A","566":"C","567":",","568":"I","569":"A","570":"A","571":"I","572":",","573":"E","574":"A","575":"A","576":"E","577":",","578":"S","579":"A","580":"A","581":"S","582":",","583":"C","584":"A","585":"A","586":"C","587":";","588":"A","589":"A","590":"C","591":"1","592":"C","593":",","594":"C","595":"A","596":"A","597":"C","598":";","599":"A","600":"A","601":"C","602":"D","603":",","604":"M","605":"A","606":"A","607":"M","608":",","609":"C","610":"A","611":"A","612":"C","613":",","614":"c","615":"A","616":"A","617":"c","618":",","619":"C","620":"A","621":"A","622":"C","623":",","624":"O","625":"A","626":"A","627":"O","628":",","629":"E","630":"A","631":"A","632":"E","633":",","634":"Y","635":"A","636":"A","637":"Y","638":",","639":"E","640":"A","641":"A","642":"E","643":";","644":"E","645":"A","646":"A","647":"E","648":",","649":"K","650":"A","651":"A","652":"K","653":",","654":"E","655":"A","656":"A","657":"E","658":";","659":"A","660":"A","661":"A","662":"K","663":",","664":"C","665":"A","666":"A","667":"C","668":",","669":"C","670":"A","671":"A","672":"C","673":";","674":";","675":";","676":";","677":";","678":";","679":";","680":";","681":";","682":";","683":";","684":";","685":";","686":";","687":";","688":";","689":";","690":";","691":";","692":";","693":";","694":";","695":"I","696":"A","697":"P","698":"r","699":"D","700":",","701":"Q","702":"A","703":"A","704":"Q","705":",","706":"C","707":"A","708":"A","709":"C","710":",","711":"C","712":"A","713":"A","714":"C","715":";","716":"I","717":"A","718":"W","719":"V","720":",","721":"I","722":"A","723":"A","724":"I","725":",","726":"K","727":"A","728":"A","729":"K","730":",","731":"G","732":"A","733":"A","734":"G","735":",","736":"O","737":"A","738":"A","739":"O","740":";","741":"I","742":"A","743":"C","744":"n","745":"B","746":",","747":"I","748":"A","749":"A","750":"I","751":",","752":"Y","753":"A","754":"A","755":"Y","756":",","757":"G","758":"A","759":"A","760":"G","761":",","762":"C","763":"A","764":"A","765":"C","766":",","767":"C","768":"A","769":"A","770":"C","771":",","772":"E","773":"A","774":"A","775":"E","776":",","777":"M","778":"A","779":"A","780":"M","781":",","782":"C","783":"A","784":"A","785":"C","786":",","787":"e","788":"A","789":"A","790":"e","791":",","792":"E","793":"A","794":"A","795":"E","796":",","797":"C","798":"A","799":"A","800":"C","801":";","802":"I","803":"A","804":"C","805":"h","806":"D","807":",","808":"I","809":"A","810":"A","811":"I","812":",","813":"U","814":"A","815":"A","816":"U","817":",","818":"G","819":"A","820":"A","821":"G","822":",","823":"C","824":"A","825":"A","826":"C","827":",","828":"C","829":"A","830":"A","831":"C","832":",","833":"E","834":"A","835":"A","836":"E","837":",","838":"K","839":"A","840":"A","841":"K","842":",","843":"C","844":"A","845":"A","846":"C","847":",","848":"Q","849":"A","850":"A","851":"Q","852":",","853":"E","854":"A","855":"A","856":"E","857":",","858":"Y","859":"A","860":"A","861":"Y","862":";","863":"M","864":"A","865":"C","866":"7","867":"C","868":",","869":"O","870":"A","871":"A","872":"O","873":",","874":"C","875":"A","876":"A","877":"C","878":",","879":"G","880":"A","881":"A","882":"G","883":",","884":"C","885":"A","886":"A","887":"C","888":",","889":"K","890":"A","891":"A","892":"K","893":",","894":"C","895":"A","896":"A","897":"C","898":",","899":"I","900":"A","901":"A","902":"I","903":",","904":"E","905":"A","906":"A","907":"E","908":",","909":"Y","910":"A","911":"A","912":"Y","913":",","914":"C","915":"A","916":"A","917":"C","918":";","919":"M","920":"A","921":"C","922":"r","923":"C","924":";","925":"M","926":"A","927":"C","928":"A","929":",","930":"O","931":"A","932":"A","933":"O","934":",","935":"K","936":"A","937":"A","938":"K","939":",","940":"C","941":"A","942":"A","943":"C","944":",","945":"I","946":"A","947":"A","948":"I","949":",","950":"I","951":"A","952":"A","953":"I","954":",","955":"Y","956":"A","957":"A","958":"Y","959":",","960":"C","961":"A","962":"A","963":"C","964":",","965":"I","966":"A","967":"A","968":"I","969":";","970":"I","971":"A","972":"C","973":"1","974":"C","975":",","976":"C","977":"A","978":"A","979":"C","980":",","981":"C","982":"A","983":"A","984":"C","985":"\"","986":",","987":"\"","988":"f","989":"i","990":"l","991":"e","992":"\"","993":":","994":"\"","995":"D","996":":","997":"\\","998":"\\","999":"w","1000":"o","1001":"r","1002":"k","1003":"p","1004":"l","1005":"a","1006":"c","1007":"e","1008":"\\","1009":"\\","1010":"s","1011":"t","1012":"u","1013":"d","1014":"y","1015":"\\","1016":"\\","1017":"a","1018":"i","1019":"l","1020":"e","1021":"m","1022":"e","1023":"n","1024":"t","1025":"e","1026":"\\","1027":"\\","1028":"s","1029":"r","1030":"c","1031":"\\","1032":"\\","1033":"c","1034":"o","1035":"m","1036":"p","1037":"o","1038":"n","1039":"e","1040":"n","1041":"t","1042":"s","1043":"\\","1044":"\\","1045":"b","1046":"u","1047":"t","1048":"t","1049":"o","1050":"n","1051":"\\","1052":"\\","1053":"B","1054":"u","1055":"t","1056":"t","1057":"o","1058":"n","1059":".","1060":"v","1061":"u","1062":"e","1063":"\"","1064":",","1065":"\"","1066":"s","1067":"o","1068":"u","1069":"r","1070":"c","1071":"e","1072":"s","1073":"C","1074":"o","1075":"n","1076":"t","1077":"e","1078":"n","1079":"t","1080":"\"","1081":":","1082":"[","1083":"\"","1084":"<","1085":"t","1086":"e","1087":"m","1088":"p","1089":"l","1090":"a","1091":"t","1092":"e","1093":">","1094":"\\","1095":"r","1096":"\\","1097":"n","1098":" ","1099":" ","1100":"<","1101":"b","1102":"u","1103":"t","1104":"t","1105":"o","1106":"n","1107":"\\","1108":"r","1109":"\\","1110":"n","1111":" ","1112":" ","1113":" ","1114":" ","1115":"c","1116":"l","1117":"a","1118":"s","1119":"s","1120":"=","1121":"\\","1122":"\"","1123":"e","1124":"l","1125":"-","1126":"b","1127":"u","1128":"t","1129":"t","1130":"o","1131":"n","1132":"\\","1133":"\"","1134":"\\","1135":"r","1136":"\\","1137":"n","1138":" ","1139":" ","1140":" ","1141":" ","1142":":","1143":"c","1144":"l","1145":"a","1146":"s","1147":"s","1148":"=","1149":"\\","1150":"\"","1151":"[","1152":"\\","1153":"r","1154":"\\","1155":"n","1156":" ","1157":" ","1158":" ","1159":" ","1160":" ","1161":" ","1162":"b","1163":"u","1164":"t","1165":"t","1166":"o","1167":"n","1168":"S","1169":"i","1170":"z","1171":"e","1172":" ","1173":"?","1174":" ","1175":"`","1176":"e","1177":"l","1178":"-","1179":"b","1180":"u","1181":"t","1182":"t","1183":"o","1184":"n","1185":"-","1186":"-","1187":"$","1188":"{","1189":"b","1190":"u","1191":"t","1192":"t","1193":"o","1194":"n","1195":"S","1196":"i","1197":"z","1198":"e","1199":"}","1200":"`","1201":" ","1202":":","1203":" ","1204":"'","1205":"'","1206":",","1207":"\\","1208":"r","1209":"\\","1210":"n","1211":" ","1212":" ","1213":" ","1214":" ","1215":" ","1216":" ","1217":"t","1218":"y","1219":"p","1220":"e","1221":" ","1222":"?","1223":" ","1224":"`","1225":"e","1226":"l","1227":"-","1228":"b","1229":"u","1230":"t","1231":"t","1232":"o","1233":"n","1234":"-","1235":"-","1236":"$","1237":"{","1238":"t","1239":"y","1240":"p","1241":"e","1242":"}","1243":"`","1244":" ","1245":":","1246":" ","1247":"'","1248":"'","1249":",","1250":"\\","1251":"r","1252":"\\","1253":"n","1254":" ","1255":" ","1256":" ","1257":" ","1258":"]","1259":"\\","1260":"\"","1261":"\\","1262":"r","1263":"\\","1264":"n","1265":" ","1266":" ","1267":">","1268":"\\","1269":"r","1270":"\\","1271":"n","1272":" ","1273":" ","1274":" ","1275":" ","1276":"<","1277":"s","1278":"l","1279":"o","1280":"t","1281":" ","1282":"/","1283":">","1284":"\\","1285":"r","1286":"\\","1287":"n","1288":" ","1289":" ","1290":"<","1291":"/","1292":"b","1293":"u","1294":"t","1295":"t","1296":"o","1297":"n","1298":">","1299":"\\","1300":"r","1301":"\\","1302":"n","1303":"<","1304":"/","1305":"t","1306":"e","1307":"m","1308":"p","1309":"l","1310":"a","1311":"t","1312":"e","1313":">","1314":"\\","1315":"r","1316":"\\","1317":"n","1318":"\\","1319":"r","1320":"\\","1321":"n","1322":"<","1323":"s","1324":"c","1325":"r","1326":"i","1327":"p","1328":"t","1329":" ","1330":"s","1331":"e","1332":"t","1333":"u","1334":"p","1335":" ","1336":"l","1337":"a","1338":"n","1339":"g","1340":"=","1341":"\\","1342":"\"","1343":"t","1344":"s","1345":"\\","1346":"\"","1347":">","1348":"\\","1349":"r","1350":"\\","1351":"n","1352":"i","1353":"m","1354":"p","1355":"o","1356":"r","1357":"t","1358":" ","1359":"{","1360":" ","1361":"c","1362":"o","1363":"m","1364":"p","1365":"u","1366":"t","1367":"e","1368":"d","1369":",","1370":" ","1371":"w","1372":"i","1373":"t","1374":"h","1375":"D","1376":"e","1377":"f","1378":"a","1379":"u","1380":"l","1381":"t","1382":"s","1383":" ","1384":"}","1385":" ","1386":"f","1387":"r","1388":"o","1389":"m","1390":" ","1391":"\\","1392":"\"","1393":"v","1394":"u","1395":"e","1396":"\\","1397":"\"","1398":";","1399":"\\","1400":"r","1401":"\\","1402":"n","1403":"i","1404":"m","1405":"p","1406":"o","1407":"r","1408":"t","1409":" ","1410":"{","1411":" ","1412":"u","1413":"s","1414":"e","1415":"G","1416":"l","1417":"o","1418":"b","1419":"a","1420":"l","1421":"C","1422":"o","1423":"n","1424":"f","1425":"i","1426":"g","1427":" ","1428":"}","1429":" ","1430":"f","1431":"r","1432":"o","1433":"m","1434":" ","1435":"\\","1436":"\"","1437":".","1438":".","1439":"/","1440":".","1441":".","1442":"/","1443":"u","1444":"t","1445":"i","1446":"l","1447":"\\","1448":"\"","1449":";","1450":"\\","1451":"r","1452":"\\","1453":"n","1454":"\\","1455":"r","1456":"\\","1457":"n","1458":"i","1459":"n","1460":"t","1461":"e","1462":"r","1463":"f","1464":"a","1465":"c","1466":"e","1467":" ","1468":"P","1469":"r","1470":"o","1471":"p","1472":"s","1473":" ","1474":"{","1475":"\\","1476":"r","1477":"\\","1478":"n","1479":" ","1480":" ","1481":"s","1482":"i","1483":"z","1484":"e","1485":"?","1486":":","1487":" ","1488":"\\","1489":"\"","1490":"\\","1491":"\"","1492":" ","1493":"|","1494":" ","1495":"\\","1496":"\"","1497":"s","1498":"m","1499":"a","1500":"l","1501":"l","1502":"\\","1503":"\"","1504":" ","1505":"|","1506":" ","1507":"\\","1508":"\"","1509":"m","1510":"e","1511":"d","1512":"i","1513":"u","1514":"m","1515":"\\","1516":"\"","1517":" ","1518":"|","1519":" ","1520":"\\","1521":"\"","1522":"l","1523":"a","1524":"r","1525":"g","1526":"e","1527":"\\","1528":"\"","1529":";","1530":"\\","1531":"r","1532":"\\","1533":"n","1534":" ","1535":" ","1536":"t","1537":"y","1538":"p","1539":"e","1540":"?","1541":":","1542":" ","1543":"\\","1544":"\"","1545":"\\","1546":"\"","1547":" ","1548":"|","1549":" ","1550":"\\","1551":"\"","1552":"p","1553":"r","1554":"i","1555":"m","1556":"a","1557":"r","1558":"y","1559":"\\","1560":"\"","1561":" ","1562":"|","1563":" ","1564":"\\","1565":"\"","1566":"s","1567":"u","1568":"c","1569":"c","1570":"e","1571":"s","1572":"s","1573":"\\","1574":"\"","1575":" ","1576":"|","1577":" ","1578":"\\","1579":"\"","1580":"d","1581":"a","1582":"n","1583":"g","1584":"e","1585":"r","1586":"\\","1587":"\"","1588":";","1589":"\\","1590":"r","1591":"\\","1592":"n","1593":"}","1594":"\\","1595":"r","1596":"\\","1597":"n","1598":"c","1599":"o","1600":"n","1601":"s","1602":"t","1603":" ","1604":"p","1605":"r","1606":"o","1607":"p","1608":"s","1609":" ","1610":"=","1611":" ","1612":"w","1613":"i","1614":"t","1615":"h","1616":"D","1617":"e","1618":"f","1619":"a","1620":"u","1621":"l","1622":"t","1623":"s","1624":"(","1625":"d","1626":"e","1627":"f","1628":"i","1629":"n","1630":"e","1631":"P","1632":"r","1633":"o","1634":"p","1635":"s","1636":"<","1637":"P","1638":"r","1639":"o","1640":"p","1641":"s","1642":">","1643":"(","1644":")","1645":",","1646":" ","1647":"{","1648":"\\","1649":"r","1650":"\\","1651":"n","1652":" ","1653":" ","1654":"s","1655":"i","1656":"z","1657":"e","1658":":","1659":" ","1660":"\\","1661":"\"","1662":"\\","1663":"\"","1664":",","1665":"\\","1666":"r","1667":"\\","1668":"n","1669":" ","1670":" ","1671":"t","1672":"y","1673":"p","1674":"e","1675":":","1676":" ","1677":"\\","1678":"\"","1679":"\\","1680":"\"","1681":",","1682":"\\","1683":"r","1684":"\\","1685":"n","1686":"}","1687":")","1688":";","1689":"\\","1690":"r","1691":"\\","1692":"n","1693":"c","1694":"o","1695":"n","1696":"s","1697":"t","1698":" ","1699":"g","1700":"l","1701":"o","1702":"b","1703":"a","1704":"l","1705":"C","1706":"o","1707":"n","1708":"f","1709":"i","1710":"g","1711":" ","1712":"=","1713":" ","1714":"u","1715":"s","1716":"e","1717":"G","1718":"l","1719":"o","1720":"b","1721":"a","1722":"l","1723":"C","1724":"o","1725":"n","1726":"f","1727":"i","1728":"g","1729":"(","1730":")","1731":";","1732":"\\","1733":"r","1734":"\\","1735":"n","1736":"c","1737":"o","1738":"n","1739":"s","1740":"t","1741":" ","1742":"b","1743":"u","1744":"t","1745":"t","1746":"o","1747":"n","1748":"S","1749":"i","1750":"z","1751":"e","1752":" ","1753":"=","1754":" ","1755":"c","1756":"o","1757":"m","1758":"p","1759":"u","1760":"t","1761":"e","1762":"d","1763":"(","1764":"(","1765":")","1766":" ","1767":"=","1768":">","1769":" ","1770":"{","1771":"\\","1772":"r","1773":"\\","1774":"n","1775":" ","1776":" ","1777":"c","1778":"o","1779":"n","1780":"s","1781":"o","1782":"l","1783":"e","1784":".","1785":"l","1786":"o","1787":"g","1788":"(","1789":"p","1790":"r","1791":"o","1792":"p","1793":"s","1794":".","1795":"s","1796":"i","1797":"z","1798":"e","1799":",","1800":" ","1801":"g","1802":"l","1803":"o","1804":"b","1805":"a","1806":"l","1807":"C","1808":"o","1809":"n","1810":"f","1811":"i","1812":"g","1813":")","1814":";","1815":"\\","1816":"r","1817":"\\","1818":"n","1819":" ","1820":" ","1821":"/","1822":"/","1823":" ","1824":"e","1825":"s","1826":"l","1827":"i","1828":"n","1829":"t","1830":"-","1831":"d","1832":"i","1833":"s","1834":"a","1835":"b","1836":"l","1837":"e","1838":"-","1839":"n","1840":"e","1841":"x","1842":"t","1843":"-","1844":"l","1845":"i","1846":"n","1847":"e","1848":" ","1849":"@","1850":"t","1851":"y","1852":"p","1853":"e","1854":"s","1855":"c","1856":"r","1857":"i","1858":"p","1859":"t","1860":"-","1861":"e","1862":"s","1863":"l","1864":"i","1865":"n","1866":"t","1867":"/","1868":"s","1869":"t","1870":"r","1871":"i","1872":"c","1873":"t","1874":"-","1875":"b","1876":"o","1877":"o","1878":"l","1879":"e","1880":"a","1881":"n","1882":"-","1883":"e","1884":"x","1885":"p","1886":"r","1887":"e","1888":"s","1889":"s","1890":"i","1891":"o","1892":"n","1893":"s","1894":"\\","1895":"r","1896":"\\","1897":"n","1898":" ","1899":" ","1900":"r","1901":"e","1902":"t","1903":"u","1904":"r","1905":"n","1906":" ","1907":"p","1908":"r","1909":"o","1910":"p","1911":"s","1912":".","1913":"s","1914":"i","1915":"z","1916":"e","1917":" ","1918":"|","1919":"|","1920":" ","1921":"g","1922":"l","1923":"o","1924":"b","1925":"a","1926":"l","1927":"C","1928":"o","1929":"n","1930":"f","1931":"i","1932":"g","1933":".","1934":"s","1935":"i","1936":"z","1937":"e","1938":";","1939":"\\","1940":"r","1941":"\\","1942":"n","1943":"}","1944":")","1945":";","1946":"\\","1947":"r","1948":"\\","1949":"n","1950":"<","1951":"/","1952":"s","1953":"c","1954":"r","1955":"i","1956":"p","1957":"t","1958":">","1959":"\\","1960":"r","1961":"\\","1962":"n","1963":"<","1964":"s","1965":"c","1966":"r","1967":"i","1968":"p","1969":"t","1970":" ","1971":"l","1972":"a","1973":"n","1974":"g","1975":"=","1976":"\\","1977":"\"","1978":"t","1979":"s","1980":"\\","1981":"\"","1982":">","1983":"\\","1984":"r","1985":"\\","1986":"n","1987":"e","1988":"x","1989":"p","1990":"o","1991":"r","1992":"t","1993":" ","1994":"d","1995":"e","1996":"f","1997":"a","1998":"u","1999":"l","2000":"t","2001":" ","2002":"{","2003":"\\","2004":"r","2005":"\\","2006":"n","2007":" ","2008":" ","2009":"n","2010":"a","2011":"m","2012":"e","2013":":","2014":" ","2015":"\\","2016":"\"","2017":"E","2018":"l","2019":"B","2020":"u","2021":"t","2022":"t","2023":"o","2024":"n","2025":"\\","2026":"\"","2027":",","2028":"\\","2029":"r","2030":"\\","2031":"n","2032":"}","2033":";","2034":"\\","2035":"r","2036":"\\","2037":"n","2038":"<","2039":"/","2040":"s","2041":"c","2042":"r","2043":"i","2044":"p","2045":"t","2046":">","2047":"\\","2048":"r","2049":"\\","2050":"n","2051":"<","2052":"s","2053":"t","2054":"y","2055":"l","2056":"e","2057":" ","2058":"l","2059":"a","2060":"n","2061":"g","2062":"=","2063":"\\","2064":"\"","2065":"s","2066":"c","2067":"s","2068":"s","2069":"\\","2070":"\"","2071":">","2072":"\\","2073":"r","2074":"\\","2075":"n","2076":"@","2077":"i","2078":"m","2079":"p","2080":"o","2081":"r","2082":"t","2083":" ","2084":"\\","2085":"\"","2086":".","2087":".","2088":"/","2089":".","2090":".","2091":"/","2092":"s","2093":"t","2094":"y","2095":"l","2096":"e","2097":"s","2098":"/","2099":"m","2100":"i","2101":"x","2102":"i","2103":"n","2104":"\\","2105":"\"","2106":";","2107":"\\","2108":"r","2109":"\\","2110":"n","2111":"\\","2112":"r","2113":"\\","2114":"n","2115":"@","2116":"i","2117":"n","2118":"c","2119":"l","2120":"u","2121":"d","2122":"e","2123":" ","2124":"b","2125":"(","2126":"b","2127":"u","2128":"t","2129":"t","2130":"o","2131":"n","2132":")","2133":" ","2134":"{","2135":"\\","2136":"r","2137":"\\","2138":"n","2139":" ","2140":" ","2141":"d","2142":"i","2143":"s","2144":"p","2145":"l","2146":"a","2147":"y","2148":":","2149":" ","2150":"i","2151":"n","2152":"l","2153":"i","2154":"n","2155":"e","2156":"-","2157":"b","2158":"l","2159":"o","2160":"c","2161":"k","2162":";","2163":"\\","2164":"r","2165":"\\","2166":"n","2167":" ","2168":" ","2169":"l","2170":"i","2171":"n","2172":"e","2173":"-","2174":"h","2175":"e","2176":"i","2177":"g","2178":"h","2179":"t","2180":":","2181":" ","2182":"1","2183":";","2184":"\\","2185":"r","2186":"\\","2187":"n","2188":" ","2189":" ","2190":"w","2191":"h","2192":"i","2193":"t","2194":"e","2195":"-","2196":"s","2197":"p","2198":"a","2199":"c","2200":"e","2201":":","2202":" ","2203":"n","2204":"o","2205":"w","2206":"r","2207":"a","2208":"p","2209":";","2210":"\\","2211":"r","2212":"\\","2213":"n","2214":" ","2215":" ","2216":"c","2217":"u","2218":"r","2219":"s","2220":"o","2221":"r","2222":":","2223":" ","2224":"p","2225":"o","2226":"i","2227":"n","2228":"t","2229":"e","2230":"r","2231":";","2232":"\\","2233":"r","2234":"\\","2235":"n","2236":" ","2237":" ","2238":"b","2239":"a","2240":"c","2241":"k","2242":"g","2243":"r","2244":"o","2245":"u","2246":"n","2247":"d","2248":":","2249":" ","2250":"$","2251":"-","2252":"-","2253":"b","2254":"u","2255":"t","2256":"t","2257":"o","2258":"n","2259":"-","2260":"d","2261":"e","2262":"f","2263":"a","2264":"u","2265":"l","2266":"t","2267":"-","2268":"b","2269":"a","2270":"c","2271":"k","2272":"g","2273":"r","2274":"o","2275":"u","2276":"n","2277":"d","2278":"-","2279":"c","2280":"o","2281":"l","2282":"o","2283":"r","2284":";","2285":"\\","2286":"r","2287":"\\","2288":"n","2289":" ","2290":" ","2291":"c","2292":"o","2293":"l","2294":"o","2295":"r","2296":":","2297":" ","2298":"$","2299":"-","2300":"-","2301":"b","2302":"u","2303":"t","2304":"t","2305":"o","2306":"n","2307":"-","2308":"d","2309":"e","2310":"f","2311":"a","2312":"u","2313":"l","2314":"t","2315":"-","2316":"f","2317":"o","2318":"n","2319":"t","2320":"-","2321":"c","2322":"o","2323":"l","2324":"o","2325":"r","2326":";","2327":"\\","2328":"r","2329":"\\","2330":"n","2331":" ","2332":" ","2333":"-","2334":"w","2335":"e","2336":"b","2337":"k","2338":"i","2339":"t","2340":"-","2341":"a","2342":"p","2343":"p","2344":"e","2345":"a","2346":"r","2347":"a","2348":"n","2349":"c","2350":"e","2351":":","2352":" ","2353":"n","2354":"o","2355":"n","2356":"e","2357":";","2358":"\\","2359":"r","2360":"\\","2361":"n","2362":" ","2363":" ","2364":"t","2365":"e","2366":"x","2367":"t","2368":"-","2369":"a","2370":"l","2371":"i","2372":"g","2373":"n","2374":":","2375":" ","2376":"c","2377":"e","2378":"n","2379":"t","2380":"e","2381":"r","2382":";","2383":"\\","2384":"r","2385":"\\","2386":"n","2387":" ","2388":" ","2389":"b","2390":"o","2391":"r","2392":"d","2393":"e","2394":"r","2395":":","2396":" ","2397":"$","2398":"-","2399":"-","2400":"b","2401":"o","2402":"r","2403":"d","2404":"e","2405":"r","2406":"-","2407":"b","2408":"a","2409":"s","2410":"e","2411":";","2412":"\\","2413":"r","2414":"\\","2415":"n","2416":" ","2417":" ","2418":"b","2419":"o","2420":"r","2421":"d","2422":"e","2423":"r","2424":"-","2425":"c","2426":"o","2427":"l","2428":"o","2429":"r","2430":":","2431":" ","2432":"$","2433":"-","2434":"-","2435":"b","2436":"u","2437":"t","2438":"t","2439":"o","2440":"n","2441":"-","2442":"d","2443":"e","2444":"f","2445":"a","2446":"u","2447":"l","2448":"t","2449":"-","2450":"b","2451":"o","2452":"r","2453":"d","2454":"e","2455":"r","2456":"-","2457":"c","2458":"o","2459":"l","2460":"o","2461":"r","2462":";","2463":"\\","2464":"r","2465":"\\","2466":"n","2467":" ","2468":" ","2469":"b","2470":"o","2471":"x","2472":"-","2473":"s","2474":"i","2475":"z","2476":"i","2477":"n","2478":"g","2479":":","2480":" ","2481":"b","2482":"o","2483":"r","2484":"d","2485":"e","2486":"r","2487":"-","2488":"b","2489":"o","2490":"x","2491":";","2492":"\\","2493":"r","2494":"\\","2495":"n","2496":" ","2497":" ","2498":"o","2499":"u","2500":"t","2501":"l","2502":"i","2503":"n","2504":"e","2505":":","2506":" ","2507":"n","2508":"o","2509":"n","2510":"e","2511":";","2512":"\\","2513":"r","2514":"\\","2515":"n","2516":" ","2517":" ","2518":"m","2519":"a","2520":"r","2521":"g","2522":"i","2523":"n","2524":":","2525":" ","2526":"0","2527":";","2528":"\\","2529":"r","2530":"\\","2531":"n","2532":" ","2533":" ","2534":"f","2535":"o","2536":"n","2537":"t","2538":"-","2539":"w","2540":"e","2541":"i","2542":"g","2543":"h","2544":"t","2545":":","2546":" ","2547":"$","2548":"-","2549":"-","2550":"b","2551":"u","2552":"t","2553":"t","2554":"o","2555":"n","2556":"-","2557":"f","2558":"o","2559":"n","2560":"t","2561":"-","2562":"w","2563":"e","2564":"i","2565":"g","2566":"h","2567":"t","2568":";","2569":"\\","2570":"r","2571":"\\","2572":"n","2573":" ","2574":" ","2575":"&","2576":" ","2577":"+","2578":" ","2579":"&","2580":" ","2581":"{","2582":"\\","2583":"r","2584":"\\","2585":"n","2586":" ","2587":" ","2588":" ","2589":" ","2590":"m","2591":"a","2592":"r","2593":"g","2594":"i","2595":"n","2596":"-","2597":"l","2598":"e","2599":"f","2600":"t","2601":":","2602":" ","2603":"1","2604":"0","2605":"p","2606":"x","2607":";","2608":"\\","2609":"r","2610":"\\","2611":"n","2612":" ","2613":" ","2614":"}","2615":"\\","2616":"r","2617":"\\","2618":"n","2619":" ","2620":" ","2621":"@","2622":"i","2623":"n","2624":"c","2625":"l","2626":"u","2627":"d","2628":"e","2629":" ","2630":"b","2631":"u","2632":"t","2633":"t","2634":"o","2635":"n","2636":"-","2637":"s","2638":"i","2639":"z","2640":"e","2641":"(","2642":"\\","2643":"r","2644":"\\","2645":"n","2646":" ","2647":" ","2648":" ","2649":" ","2650":"$","2651":"-","2652":"-","2653":"b","2654":"u","2655":"t","2656":"t","2657":"o","2658":"n","2659":"-","2660":"p","2661":"a","2662":"d","2663":"d","2664":"i","2665":"n","2666":"g","2667":"-","2668":"v","2669":"e","2670":"r","2671":"t","2672":"i","2673":"c","2674":"a","2675":"l","2676":",","2677":"\\","2678":"r","2679":"\\","2680":"n","2681":" ","2682":" ","2683":" ","2684":" ","2685":"$","2686":"-","2687":"-","2688":"b","2689":"u","2690":"t","2691":"t","2692":"o","2693":"n","2694":"-","2695":"p","2696":"a","2697":"d","2698":"d","2699":"i","2700":"n","2701":"g","2702":"-","2703":"h","2704":"o","2705":"r","2706":"i","2707":"z","2708":"o","2709":"n","2710":"t","2711":"a","2712":"l","2713":",","2714":"\\","2715":"r","2716":"\\","2717":"n","2718":" ","2719":" ","2720":" ","2721":" ","2722":"$","2723":"-","2724":"-","2725":"b","2726":"u","2727":"t","2728":"t","2729":"o","2730":"n","2731":"-","2732":"f","2733":"o","2734":"n","2735":"t","2736":"-","2737":"s","2738":"i","2739":"z","2740":"e","2741":",","2742":"\\","2743":"r","2744":"\\","2745":"n","2746":" ","2747":" ","2748":" ","2749":" ","2750":"$","2751":"-","2752":"-","2753":"b","2754":"u","2755":"t","2756":"t","2757":"o","2758":"n","2759":"-","2760":"b","2761":"o","2762":"r","2763":"d","2764":"e","2765":"r","2766":"-","2767":"r","2768":"a","2769":"d","2770":"i","2771":"u","2772":"s","2773":"\\","2774":"r","2775":"\\","2776":"n","2777":" ","2778":" ","2779":")","2780":";","2781":"\\","2782":"r","2783":"\\","2784":"n","2785":" ","2786":" ","2787":"&","2788":":","2789":"h","2790":"o","2791":"v","2792":"e","2793":"r","2794":",","2795":"\\","2796":"r","2797":"\\","2798":"n","2799":" ","2800":" ","2801":"&","2802":":","2803":"f","2804":"o","2805":"c","2806":"u","2807":"s","2808":" ","2809":"{","2810":"\\","2811":"r","2812":"\\","2813":"n","2814":" ","2815":" ","2816":" ","2817":" ","2818":"c","2819":"o","2820":"l","2821":"o","2822":"r","2823":":","2824":" ","2825":"$","2826":"-","2827":"-","2828":"c","2829":"o","2830":"l","2831":"o","2832":"r","2833":"-","2834":"p","2835":"r","2836":"i","2837":"m","2838":"a","2839":"r","2840":"y","2841":";","2842":"\\","2843":"r","2844":"\\","2845":"n","2846":" ","2847":" ","2848":" ","2849":" ","2850":"b","2851":"o","2852":"r","2853":"d","2854":"e","2855":"r","2856":"-","2857":"c","2858":"o","2859":"l","2860":"o","2861":"r","2862":":","2863":" ","2864":"m","2865":"i","2866":"x","2867":"(","2868":"$","2869":"-","2870":"-","2871":"c","2872":"o","2873":"l","2874":"o","2875":"r","2876":"-","2877":"w","2878":"h","2879":"i","2880":"t","2881":"e","2882":",","2883":" ","2884":"$","2885":"-","2886":"-","2887":"c","2888":"o","2889":"l","2890":"o","2891":"r","2892":"-","2893":"p","2894":"r","2895":"i","2896":"m","2897":"a","2898":"r","2899":"y","2900":",","2901":" ","2902":"7","2903":"0","2904":"%","2905":")","2906":";","2907":"\\","2908":"r","2909":"\\","2910":"n","2911":" ","2912":" ","2913":" ","2914":" ","2915":"b","2916":"a","2917":"c","2918":"k","2919":"g","2920":"r","2921":"o","2922":"u","2923":"n","2924":"d","2925":"-","2926":"c","2927":"o","2928":"l","2929":"o","2930":"r","2931":":","2932":" ","2933":"m","2934":"i","2935":"x","2936":"(","2937":"$","2938":"-","2939":"-","2940":"c","2941":"o","2942":"l","2943":"o","2944":"r","2945":"-","2946":"w","2947":"h","2948":"i","2949":"t","2950":"e","2951":",","2952":" ","2953":"$","2954":"-","2955":"-","2956":"c","2957":"o","2958":"l","2959":"o","2960":"r","2961":"-","2962":"p","2963":"r","2964":"i","2965":"m","2966":"a","2967":"r","2968":"y","2969":",","2970":" ","2971":"9","2972":"0","2973":"%","2974":")","2975":";","2976":"\\","2977":"r","2978":"\\","2979":"n","2980":" ","2981":" ","2982":"}","2983":"\\","2984":"r","2985":"\\","2986":"n","2987":" ","2988":" ","2989":"@","2990":"i","2991":"n","2992":"c","2993":"l","2994":"u","2995":"d","2996":"e","2997":" ","2998":"m","2999":"(","3000":"m","3001":"e","3002":"d","3003":"i","3004":"u","3005":"m","3006":")","3007":" ","3008":"{","3009":"\\","3010":"r","3011":"\\","3012":"n","3013":" ","3014":" ","3015":" ","3016":" ","3017":"@","3018":"i","3019":"n","3020":"c","3021":"l","3022":"u","3023":"d","3024":"e","3025":" ","3026":"b","3027":"u","3028":"t","3029":"t","3030":"o","3031":"n","3032":"-","3033":"s","3034":"i","3035":"z","3036":"e","3037":"(","3038":"\\","3039":"r","3040":"\\","3041":"n","3042":" ","3043":" ","3044":" ","3045":" ","3046":" ","3047":" ","3048":"$","3049":"-","3050":"-","3051":"b","3052":"u","3053":"t","3054":"t","3055":"o","3056":"n","3057":"-","3058":"m","3059":"e","3060":"d","3061":"i","3062":"u","3063":"m","3064":"-","3065":"p","3066":"a","3067":"d","3068":"d","3069":"i","3070":"n","3071":"g","3072":"-","3073":"v","3074":"e","3075":"r","3076":"t","3077":"i","3078":"c","3079":"a","3080":"l","3081":",","3082":"\\","3083":"r","3084":"\\","3085":"n","3086":" ","3087":" ","3088":" ","3089":" ","3090":" ","3091":" ","3092":"$","3093":"-","3094":"-","3095":"b","3096":"u","3097":"t","3098":"t","3099":"o","3100":"n","3101":"-","3102":"m","3103":"e","3104":"d","3105":"i","3106":"u","3107":"m","3108":"-","3109":"p","3110":"a","3111":"d","3112":"d","3113":"i","3114":"n","3115":"g","3116":"-","3117":"h","3118":"o","3119":"r","3120":"i","3121":"z","3122":"o","3123":"n","3124":"t","3125":"a","3126":"l","3127":",","3128":"\\","3129":"r","3130":"\\","3131":"n","3132":" ","3133":" ","3134":" ","3135":" ","3136":" ","3137":" ","3138":"$","3139":"-","3140":"-","3141":"b","3142":"u","3143":"t","3144":"t","3145":"o","3146":"n","3147":"-","3148":"m","3149":"e","3150":"d","3151":"i","3152":"u","3153":"m","3154":"-","3155":"f","3156":"o","3157":"n","3158":"t","3159":"-","3160":"s","3161":"i","3162":"z","3163":"e","3164":",","3165":"\\","3166":"r","3167":"\\","3168":"n","3169":" ","3170":" ","3171":" ","3172":" ","3173":" ","3174":" ","3175":"$","3176":"-","3177":"-","3178":"b","3179":"u","3180":"t","3181":"t","3182":"o","3183":"n","3184":"-","3185":"m","3186":"e","3187":"d","3188":"i","3189":"u","3190":"m","3191":"-","3192":"b","3193":"o","3194":"r","3195":"d","3196":"e","3197":"r","3198":"-","3199":"r","3200":"a","3201":"d","3202":"i","3203":"u","3204":"s","3205":"\\","3206":"r","3207":"\\","3208":"n","3209":" ","3210":" ","3211":" ","3212":" ","3213":")","3214":";","3215":"\\","3216":"r","3217":"\\","3218":"n","3219":" ","3220":" ","3221":"}","3222":"\\","3223":"r","3224":"\\","3225":"n","3226":" ","3227":" ","3228":"@","3229":"i","3230":"n","3231":"c","3232":"l","3233":"u","3234":"d","3235":"e","3236":" ","3237":"m","3238":"(","3239":"s","3240":"m","3241":"a","3242":"l","3243":"l","3244":")","3245":" ","3246":"{","3247":"\\","3248":"r","3249":"\\","3250":"n","3251":" ","3252":" ","3253":" ","3254":" ","3255":"@","3256":"i","3257":"n","3258":"c","3259":"l","3260":"u","3261":"d","3262":"e","3263":" ","3264":"b","3265":"u","3266":"t","3267":"t","3268":"o","3269":"n","3270":"-","3271":"s","3272":"i","3273":"z","3274":"e","3275":"(","3276":"\\","3277":"r","3278":"\\","3279":"n","3280":" ","3281":" ","3282":" ","3283":" ","3284":" ","3285":" ","3286":"$","3287":"-","3288":"-","3289":"b","3290":"u","3291":"t","3292":"t","3293":"o","3294":"n","3295":"-","3296":"s","3297":"m","3298":"a","3299":"l","3300":"l","3301":"-","3302":"p","3303":"a","3304":"d","3305":"d","3306":"i","3307":"n","3308":"g","3309":"-","3310":"v","3311":"e","3312":"r","3313":"t","3314":"i","3315":"c","3316":"a","3317":"l","3318":",","3319":"\\","3320":"r","3321":"\\","3322":"n","3323":" ","3324":" ","3325":" ","3326":" ","3327":" ","3328":" ","3329":"$","3330":"-","3331":"-","3332":"b","3333":"u","3334":"t","3335":"t","3336":"o","3337":"n","3338":"-","3339":"s","3340":"m","3341":"a","3342":"l","3343":"l","3344":"-","3345":"p","3346":"a","3347":"d","3348":"d","3349":"i","3350":"n","3351":"g","3352":"-","3353":"h","3354":"o","3355":"r","3356":"i","3357":"z","3358":"o","3359":"n","3360":"t","3361":"a","3362":"l","3363":",","3364":"\\","3365":"r","3366":"\\","3367":"n","3368":" ","3369":" ","3370":" ","3371":" ","3372":" ","3373":" ","3374":"$","3375":"-","3376":"-","3377":"b","3378":"u","3379":"t","3380":"t","3381":"o","3382":"n","3383":"-","3384":"s","3385":"m","3386":"a","3387":"l","3388":"l","3389":"-","3390":"f","3391":"o","3392":"n","3393":"t","3394":"-","3395":"s","3396":"i","3397":"z","3398":"e","3399":",","3400":"\\","3401":"r","3402":"\\","3403":"n","3404":" ","3405":" ","3406":" ","3407":" ","3408":" ","3409":" ","3410":"$","3411":"-","3412":"-","3413":"b","3414":"u","3415":"t","3416":"t","3417":"o","3418":"n","3419":"-","3420":"s","3421":"m","3422":"a","3423":"l","3424":"l","3425":"-","3426":"b","3427":"o","3428":"r","3429":"d","3430":"e","3431":"r","3432":"-","3433":"r","3434":"a","3435":"d","3436":"i","3437":"u","3438":"s","3439":"\\","3440":"r","3441":"\\","3442":"n","3443":" ","3444":" ","3445":" ","3446":" ","3447":")","3448":";","3449":"\\","3450":"r","3451":"\\","3452":"n","3453":" ","3454":" ","3455":"}","3456":"\\","3457":"r","3458":"\\","3459":"n","3460":" ","3461":" ","3462":"@","3463":"i","3464":"n","3465":"c","3466":"l","3467":"u","3468":"d","3469":"e","3470":" ","3471":"m","3472":"(","3473":"l","3474":"a","3475":"r","3476":"g","3477":"e","3478":")","3479":" ","3480":"{","3481":"\\","3482":"r","3483":"\\","3484":"n","3485":" ","3486":" ","3487":" ","3488":" ","3489":"@","3490":"i","3491":"n","3492":"c","3493":"l","3494":"u","3495":"d","3496":"e","3497":" ","3498":"b","3499":"u","3500":"t","3501":"t","3502":"o","3503":"n","3504":"-","3505":"s","3506":"i","3507":"z","3508":"e","3509":"(","3510":"\\","3511":"r","3512":"\\","3513":"n","3514":" ","3515":" ","3516":" ","3517":" ","3518":" ","3519":" ","3520":"$","3521":"-","3522":"-","3523":"b","3524":"u","3525":"t","3526":"t","3527":"o","3528":"n","3529":"-","3530":"l","3531":"a","3532":"r","3533":"g","3534":"e","3535":"-","3536":"p","3537":"a","3538":"d","3539":"d","3540":"i","3541":"n","3542":"g","3543":"-","3544":"v","3545":"e","3546":"r","3547":"t","3548":"i","3549":"c","3550":"a","3551":"l","3552":",","3553":"\\","3554":"r","3555":"\\","3556":"n","3557":" ","3558":" ","3559":" ","3560":" ","3561":" ","3562":" ","3563":"$","3564":"-","3565":"-","3566":"b","3567":"u","3568":"t","3569":"t","3570":"o","3571":"n","3572":"-","3573":"l","3574":"a","3575":"r","3576":"g","3577":"e","3578":"-","3579":"p","3580":"a","3581":"d","3582":"d","3583":"i","3584":"n","3585":"g","3586":"-","3587":"h","3588":"o","3589":"r","3590":"i","3591":"z","3592":"o","3593":"n","3594":"t","3595":"a","3596":"l","3597":",","3598":"\\","3599":"r","3600":"\\","3601":"n","3602":" ","3603":" ","3604":" ","3605":" ","3606":" ","3607":" ","3608":"$","3609":"-","3610":"-","3611":"b","3612":"u","3613":"t","3614":"t","3615":"o","3616":"n","3617":"-","3618":"l","3619":"a","3620":"r","3621":"g","3622":"e","3623":"-","3624":"f","3625":"o","3626":"n","3627":"t","3628":"-","3629":"s","3630":"i","3631":"z","3632":"e","3633":",","3634":"\\","3635":"r","3636":"\\","3637":"n","3638":" ","3639":" ","3640":" ","3641":" ","3642":" ","3643":" ","3644":"$","3645":"-","3646":"-","3647":"b","3648":"u","3649":"t","3650":"t","3651":"o","3652":"n","3653":"-","3654":"l","3655":"a","3656":"r","3657":"g","3658":"e","3659":"-","3660":"b","3661":"o","3662":"r","3663":"d","3664":"e","3665":"r","3666":"-","3667":"r","3668":"a","3669":"d","3670":"i","3671":"u","3672":"s","3673":"\\","3674":"r","3675":"\\","3676":"n","3677":" ","3678":" ","3679":" ","3680":" ","3681":")","3682":";","3683":"\\","3684":"r","3685":"\\","3686":"n","3687":" ","3688":" ","3689":"}","3690":"\\","3691":"r","3692":"\\","3693":"n","3694":" ","3695":" ","3696":"@","3697":"i","3698":"n","3699":"c","3700":"l","3701":"u","3702":"d","3703":"e","3704":" ","3705":"m","3706":"(","3707":"p","3708":"r","3709":"i","3710":"m","3711":"a","3712":"r","3713":"y","3714":")","3715":" ","3716":"{","3717":"\\","3718":"r","3719":"\\","3720":"n","3721":" ","3722":" ","3723":" ","3724":" ","3725":"@","3726":"i","3727":"n","3728":"c","3729":"l","3730":"u","3731":"d","3732":"e","3733":" ","3734":"b","3735":"u","3736":"t","3737":"t","3738":"o","3739":"n","3740":"-","3741":"v","3742":"a","3743":"r","3744":"i","3745":"a","3746":"n","3747":"t","3748":"(","3749":"\\","3750":"r","3751":"\\","3752":"n","3753":" ","3754":" ","3755":" ","3756":" ","3757":" ","3758":" ","3759":"$","3760":"-","3761":"-","3762":"b","3763":"u","3764":"t","3765":"t","3766":"o","3767":"n","3768":"-","3769":"p","3770":"r","3771":"i","3772":"m","3773":"a","3774":"r","3775":"y","3776":"-","3777":"f","3778":"o","3779":"n","3780":"t","3781":"-","3782":"c","3783":"o","3784":"l","3785":"o","3786":"r","3787":",","3788":"\\","3789":"r","3790":"\\","3791":"n","3792":" ","3793":" ","3794":" ","3795":" ","3796":" ","3797":" ","3798":"$","3799":"-","3800":"-","3801":"b","3802":"u","3803":"t","3804":"t","3805":"o","3806":"n","3807":"-","3808":"p","3809":"r","3810":"i","3811":"m","3812":"a","3813":"r","3814":"y","3815":"-","3816":"b","3817":"a","3818":"c","3819":"k","3820":"g","3821":"r","3822":"o","3823":"u","3824":"n","3825":"d","3826":"-","3827":"c","3828":"o","3829":"l","3830":"o","3831":"r","3832":",","3833":"\\","3834":"r","3835":"\\","3836":"n","3837":" ","3838":" ","3839":" ","3840":" ","3841":" ","3842":" ","3843":"$","3844":"-","3845":"-","3846":"b","3847":"u","3848":"t","3849":"t","3850":"o","3851":"n","3852":"-","3853":"p","3854":"r","3855":"i","3856":"m","3857":"a","3858":"r","3859":"y","3860":"-","3861":"b","3862":"o","3863":"r","3864":"d","3865":"e","3866":"r","3867":"-","3868":"c","3869":"o","3870":"l","3871":"o","3872":"r","3873":"\\","3874":"r","3875":"\\","3876":"n","3877":" ","3878":" ","3879":" ","3880":" ","3881":")","3882":";","3883":"\\","3884":"r","3885":"\\","3886":"n","3887":" ","3888":" ","3889":"}","3890":"\\","3891":"r","3892":"\\","3893":"n","3894":" ","3895":" ","3896":"@","3897":"i","3898":"n","3899":"c","3900":"l","3901":"u","3902":"d","3903":"e","3904":" ","3905":"m","3906":"(","3907":"s","3908":"u","3909":"c","3910":"c","3911":"e","3912":"s","3913":"s","3914":")","3915":" ","3916":"{","3917":"\\","3918":"r","3919":"\\","3920":"n","3921":" ","3922":" ","3923":" ","3924":" ","3925":"@","3926":"i","3927":"n","3928":"c","3929":"l","3930":"u","3931":"d","3932":"e","3933":" ","3934":"b","3935":"u","3936":"t","3937":"t","3938":"o","3939":"n","3940":"-","3941":"v","3942":"a","3943":"r","3944":"i","3945":"a","3946":"n","3947":"t","3948":"(","3949":"\\","3950":"r","3951":"\\","3952":"n","3953":" ","3954":" ","3955":" ","3956":" ","3957":" ","3958":" ","3959":"$","3960":"-","3961":"-","3962":"b","3963":"u","3964":"t","3965":"t","3966":"o","3967":"n","3968":"-","3969":"s","3970":"u","3971":"c","3972":"c","3973":"e","3974":"s","3975":"s","3976":"-","3977":"f","3978":"o","3979":"n","3980":"t","3981":"-","3982":"c","3983":"o","3984":"l","3985":"o","3986":"r","3987":",","3988":"\\","3989":"r","3990":"\\","3991":"n","3992":" ","3993":" ","3994":" ","3995":" ","3996":" ","3997":" ","3998":"$","3999":"-","4000":"-","4001":"b","4002":"u","4003":"t","4004":"t","4005":"o","4006":"n","4007":"-","4008":"s","4009":"u","4010":"c","4011":"c","4012":"e","4013":"s","4014":"s","4015":"-","4016":"b","4017":"a","4018":"c","4019":"k","4020":"g","4021":"r","4022":"o","4023":"u","4024":"n","4025":"d","4026":"-","4027":"c","4028":"o","4029":"l","4030":"o","4031":"r","4032":",","4033":"\\","4034":"r","4035":"\\","4036":"n","4037":" ","4038":" ","4039":" ","4040":" ","4041":" ","4042":" ","4043":"$","4044":"-","4045":"-","4046":"b","4047":"u","4048":"t","4049":"t","4050":"o","4051":"n","4052":"-","4053":"s","4054":"u","4055":"c","4056":"c","4057":"e","4058":"s","4059":"s","4060":"-","4061":"b","4062":"o","4063":"r","4064":"d","4065":"e","4066":"r","4067":"-","4068":"c","4069":"o","4070":"l","4071":"o","4072":"r","4073":"\\","4074":"r","4075":"\\","4076":"n","4077":" ","4078":" ","4079":" ","4080":" ","4081":")","4082":";","4083":"\\","4084":"r","4085":"\\","4086":"n","4087":" ","4088":" ","4089":"}","4090":"\\","4091":"r","4092":"\\","4093":"n","4094":" ","4095":" ","4096":"@","4097":"i","4098":"n","4099":"c","4100":"l","4101":"u","4102":"d","4103":"e","4104":" ","4105":"m","4106":"(","4107":"d","4108":"a","4109":"n","4110":"g","4111":"e","4112":"r","4113":")","4114":" ","4115":"{","4116":"\\","4117":"r","4118":"\\","4119":"n","4120":" ","4121":" ","4122":" ","4123":" ","4124":"@","4125":"i","4126":"n","4127":"c","4128":"l","4129":"u","4130":"d","4131":"e","4132":" ","4133":"b","4134":"u","4135":"t","4136":"t","4137":"o","4138":"n","4139":"-","4140":"v","4141":"a","4142":"r","4143":"i","4144":"a","4145":"n","4146":"t","4147":"(","4148":"\\","4149":"r","4150":"\\","4151":"n","4152":" ","4153":" ","4154":" ","4155":" ","4156":" ","4157":" ","4158":"$","4159":"-","4160":"-","4161":"b","4162":"u","4163":"t","4164":"t","4165":"o","4166":"n","4167":"-","4168":"d","4169":"a","4170":"n","4171":"g","4172":"e","4173":"r","4174":"-","4175":"f","4176":"o","4177":"n","4178":"t","4179":"-","4180":"c","4181":"o","4182":"l","4183":"o","4184":"r","4185":",","4186":"\\","4187":"r","4188":"\\","4189":"n","4190":" ","4191":" ","4192":" ","4193":" ","4194":" ","4195":" ","4196":"$","4197":"-","4198":"-","4199":"b","4200":"u","4201":"t","4202":"t","4203":"o","4204":"n","4205":"-","4206":"d","4207":"a","4208":"n","4209":"g","4210":"e","4211":"r","4212":"-","4213":"b","4214":"a","4215":"c","4216":"k","4217":"g","4218":"r","4219":"o","4220":"u","4221":"n","4222":"d","4223":"-","4224":"c","4225":"o","4226":"l","4227":"o","4228":"r","4229":",","4230":"\\","4231":"r","4232":"\\","4233":"n","4234":" ","4235":" ","4236":" ","4237":" ","4238":" ","4239":" ","4240":"$","4241":"-","4242":"-","4243":"b","4244":"u","4245":"t","4246":"t","4247":"o","4248":"n","4249":"-","4250":"d","4251":"a","4252":"n","4253":"g","4254":"e","4255":"r","4256":"-","4257":"b","4258":"o","4259":"r","4260":"d","4261":"e","4262":"r","4263":"-","4264":"c","4265":"o","4266":"l","4267":"o","4268":"r","4269":"\\","4270":"r","4271":"\\","4272":"n","4273":" ","4274":" ","4275":" ","4276":" ","4277":")","4278":";","4279":"\\","4280":"r","4281":"\\","4282":"n","4283":" ","4284":" ","4285":"}","4286":"\\","4287":"r","4288":"\\","4289":"n","4290":"}","4291":"\\","4292":"r","4293":"\\","4294":"n","4295":"<","4296":"/","4297":"s","4298":"t","4299":"y","4300":"l","4301":"e","4302":">","4303":"\\","4304":"r","4305":"\\","4306":"n","4307":"\"","4308":"]","4309":"}"},"_coverageSchema":"1a1c01bbd47fc00a2c39e90264f33305004495a9","hash":"b429bd66c02df97d145ddf509582a460f450eb72"}
}
